C:\Users\Tomek\Documents\Visual Studio 2010\Projects\PSS\PSS\Debug\NPlot.dll
C:\Users\Tomek\Documents\Visual Studio 2010\Projects\PSS\PSS\Debug\NPlot.xml
C:\USERS\TOMEK\DOCUMENTS\VISUAL STUDIO 2010\PROJECTS\PSS\PSS\PSS\DEBUG\ASSEMBLYINFO.OBJ
C:\Users\Tomek\Documents\Visual Studio 2010\Projects\PSS\PSS\PSS\Debug\cl.command.1.tlog
C:\Users\Tomek\Documents\Visual Studio 2010\Projects\PSS\PSS\PSS\Debug\CL.read.1.tlog
C:\Users\Tomek\Documents\Visual Studio 2010\Projects\PSS\PSS\PSS\Debug\CL.write.1.tlog
C:\USERS\TOMEK\DOCUMENTS\VISUAL STUDIO 2010\PROJECTS\PSS\PSS\PSS\DEBUG\CONFIG.OBJ
C:\USERS\TOMEK\DOCUMENTS\VISUAL STUDIO 2010\PROJECTS\PSS\PSS\PSS\DEBUG\CONFIGGENERATOR.OBJ
C:\USERS\TOMEK\DOCUMENTS\VISUAL STUDIO 2010\PROJECTS\PSS\PSS\PSS\DEBUG\CONFIGOBJECT.OBJ
C:\USERS\TOMEK\DOCUMENTS\VISUAL STUDIO 2010\PROJECTS\PSS\PSS\PSS\DEBUG\CONFIGPARSER.OBJ
C:\USERS\TOMEK\DOCUMENTS\VISUAL STUDIO 2010\PROJECTS\PSS\PSS\PSS\DEBUG\PLOTSURFACE2DDEMO.OBJ
C:\USERS\TOMEK\DOCUMENTS\VISUAL STUDIO 2010\PROJECTS\PSS\PSS\PSS\DEBUG\PSS.OBJ
C:\USERS\TOMEK\DOCUMENTS\VISUAL STUDIO 2010\PROJECTS\PSS\PSS\PSS\DEBUG\PSS.PCH
C:\Users\Tomek\Documents\Visual Studio 2010\Projects\PSS\PSS\PSS\Debug\PSS.write.1.tlog
C:\Users\Tomek\Documents\Visual Studio 2010\Projects\PSS\PSS\PSS\Debug\ResolveAssemblyReference.cache
C:\USERS\TOMEK\DOCUMENTS\VISUAL STUDIO 2010\PROJECTS\PSS\PSS\PSS\DEBUG\SAVE.OBJ
C:\USERS\TOMEK\DOCUMENTS\VISUAL STUDIO 2010\PROJECTS\PSS\PSS\PSS\DEBUG\SAVEFILE.OBJ
C:\USERS\TOMEK\DOCUMENTS\VISUAL STUDIO 2010\PROJECTS\PSS\PSS\PSS\DEBUG\SAVEMYSQL.OBJ
C:\USERS\TOMEK\DOCUMENTS\VISUAL STUDIO 2010\PROJECTS\PSS\PSS\PSS\DEBUG\STDAFX.OBJ
C:\USERS\TOMEK\DOCUMENTS\VISUAL STUDIO 2010\PROJECTS\PSS\PSS\PSS\DEBUG\VC100.PDB
